2026-06-11 14:22:47,133 Run directory: output/actantial_models/gemma-3-4b-it/base_prompt/20260611_142247
2026-06-11 14:22:47,140 Template: 	/actantial/templates/default/base_prompt.txt
2026-06-11 14:22:47,140 Prompt preview:
According to the Actantial Model by Greimas with the actant label set ["Subject", "Object", "Sender", "Receiver", "Helper", "Opponent"], the actants are defined as follows:

* Subject: The character who carries out the action and desires the Object.
* Object: The character or thing that is desired and transfered.
* Sender: The character who initiates the action, controls the Object, and transfers it to the Receiver.
* Receiver: The character who receives the Object.
* Helper: The character who assists the Subject in achieving its goal.
* Opponent: The character who opposes the Subject in achieving its goal.

Based on the Actantial Model, please recognize the actants in the following text.

Text: <TEXT>


Question: What are the main actants in the text? 
1. Identify the main Object in the text.
2. Identify the respective Subject.
3. Identify the Sender who transfers the Object to the Receiver. Make sure that this matches the Object from the previous step.
4. Identify the Helper and Opponent that try to influence the Subject in achieving the Object.

Final Consistency Check:
- Ensure that all chosen actants align logically with the relationships described in the Actantial Model.
- The Object must remain consistent between desire and transfer.
- If necessary, update the actants to maintain coherence.

Response Format (JSON Dictionary)
- Each actant label should be a key, and the corresponding actor the value.
- If no actor is present for a label, return an empty string ("").

Example Format: {"Subject": ["Actant Name"], "Object": ["Actant Name"], "Sender": ["Actant Name"], "Receiver": ["Actant Name"], "Helper": ["Actant Name"], "Opponent": ["Actant Name"]}

Answer:
2026-06-11 14:22:47,140 Start inference
2026-06-11 14:22:47,142 ---------- ID 1 ----------

2026-06-11 14:22:47,142 Variables:
  text: Alice wants Bob
2026-06-11 14:22:51,697 Output:
	{'Subject': ['Alice'], 'Object': ['Bob'], 'Sender': ['Alice'], 'Receiver': ['Bob'], 'Helper': [''], 'Opponent': ['']}
2026-06-11 14:22:51,697 Writing output to: output/actantial_models/gemma-3-4b-it/base_prompt/20260611_142247/1.txt
2026-06-11 14:22:51,699 ##############################################################

2026-06-11 14:22:51,699 ---------- ID 2 ----------

2026-06-11 14:22:51,699 Variables:
  text: Bob wants Alice
2026-06-11 14:22:55,437 Output:
	{'Subject': ['Bob'], 'Object': ['Alice'], 'Sender': ['Bob'], 'Receiver': ['Alice'], 'Helper': [''], 'Opponent': ['']}
2026-06-11 14:22:55,437 Writing output to: output/actantial_models/gemma-3-4b-it/base_prompt/20260611_142247/2.txt
2026-06-11 14:22:55,438 ##############################################################

2026-06-11 14:22:55,439 ---------- ID 3 ----------

2026-06-11 14:22:55,439 Variables:
  text: Alice wants Bob, but Bob does not want Alice
2026-06-11 14:22:59,140 Output:
	{'Subject': ['Alice'], 'Object': ['Bob'], 'Sender': [''], 'Receiver': [''], 'Helper': [''], 'Opponent': ['Bob']}
2026-06-11 14:22:59,140 Writing output to: output/actantial_models/gemma-3-4b-it/base_prompt/20260611_142247/3.txt
2026-06-11 14:22:59,141 ##############################################################

